<?xml version="1.0" encoding="UTF-8"?>
<testsuite xmlns:xsi="http://www.w3.org/2001/XMLSchema-instance" xsi:noNamespaceSchemaLocation="https://maven.apache.org/surefire/maven-surefire-plugin/xsd/surefire-test-report-3.0.xsd" version="3.0" name="CodiceMedie.MedieVotiTest" time="0.139" tests="11" errors="0" skipped="0" failures="0">
  <properties>
    <property name="sun.desktop" value="windows"/>
    <property name="awt.toolkit" value="sun.awt.windows.WToolkit"/>
    <property name="java.specification.version" value="11"/>
    <property name="sun.cpu.isalist" value="amd64"/>
    <property name="sun.jnu.encoding" value="Cp1252"/>
    <property name="java.class.path" value="D:\Eclipse Workspace\CodiceHW1DellisolaGioia\target\test-classes;D:\Eclipse Workspace\CodiceHW1DellisolaGioia\target\classes;C:\Users\andre\.m2\repository\org\junit\jupiter\junit-jupiter-api\5.8.1\junit-jupiter-api-5.8.1.jar;C:\Users\andre\.m2\repository\org\opentest4j\opentest4j\1.2.0\opentest4j-1.2.0.jar;C:\Users\andre\.m2\repository\org\junit\platform\junit-platform-commons\1.8.1\junit-platform-commons-1.8.1.jar;C:\Users\andre\.m2\repository\org\apiguardian\apiguardian-api\1.1.2\apiguardian-api-1.1.2.jar;C:\Users\andre\.m2\repository\org\junit\jupiter\junit-jupiter-engine\5.8.1\junit-jupiter-engine-5.8.1.jar;C:\Users\andre\.m2\repository\org\junit\platform\junit-platform-engine\1.8.1\junit-platform-engine-1.8.1.jar;"/>
    <property name="java.vm.vendor" value="Oracle Corporation"/>
    <property name="sun.arch.data.model" value="64"/>
    <property name="user.variant" value=""/>
    <property name="java.vendor.url" value="https://openjdk.java.net/"/>
    <property name="user.timezone" value="Europe/Berlin"/>
    <property name="java.vm.specification.version" value="11"/>
    <property name="os.name" value="Windows 11"/>
    <property name="sun.java.launcher" value="SUN_STANDARD"/>
    <property name="user.country" value="IT"/>
    <property name="sun.boot.library.path" value="C:\Program Files\Java\jdk-11.0.16.1\bin"/>
    <property name="sun.java.command" value="C:\Users\andre\AppData\Local\Temp\surefire11474855839605532464\surefirebooter-20231025155659468_3.jar C:\Users\andre\AppData\Local\Temp\surefire11474855839605532464 2023-10-25T15-56-58_919-jvmRun1 surefire-20231025155659468_1tmp surefire_0-20231025155659468_2tmp"/>
    <property name="jdk.debug" value="release"/>
    <property name="surefire.test.class.path" value="D:\Eclipse Workspace\CodiceHW1DellisolaGioia\target\test-classes;D:\Eclipse Workspace\CodiceHW1DellisolaGioia\target\classes;C:\Users\andre\.m2\repository\org\junit\jupiter\junit-jupiter-api\5.8.1\junit-jupiter-api-5.8.1.jar;C:\Users\andre\.m2\repository\org\opentest4j\opentest4j\1.2.0\opentest4j-1.2.0.jar;C:\Users\andre\.m2\repository\org\junit\platform\junit-platform-commons\1.8.1\junit-platform-commons-1.8.1.jar;C:\Users\andre\.m2\repository\org\apiguardian\apiguardian-api\1.1.2\apiguardian-api-1.1.2.jar;C:\Users\andre\.m2\repository\org\junit\jupiter\junit-jupiter-engine\5.8.1\junit-jupiter-engine-5.8.1.jar;C:\Users\andre\.m2\repository\org\junit\platform\junit-platform-engine\1.8.1\junit-platform-engine-1.8.1.jar;"/>
    <property name="sun.cpu.endian" value="little"/>
    <property name="user.home" value="C:\Users\andre"/>
    <property name="user.language" value="it"/>
    <property name="java.specification.vendor" value="Oracle Corporation"/>
    <property name="java.version.date" value="2022-08-18"/>
    <property name="java.home" value="C:\Program Files\Java\jdk-11.0.16.1"/>
    <property name="file.separator" value="\"/>
    <property name="basedir" value="D:\Eclipse Workspace\CodiceHW1DellisolaGioia"/>
    <property name="java.vm.compressedOopsMode" value="32-bit"/>
    <property name="line.separator" value="&#10;"/>
    <property name="java.specification.name" value="Java Platform API Specification"/>
    <property name="java.vm.specification.vendor" value="Oracle Corporation"/>
    <property name="java.awt.graphicsenv" value="sun.awt.Win32GraphicsEnvironment"/>
    <property name="surefire.real.class.path" value="C:\Users\andre\AppData\Local\Temp\surefire11474855839605532464\surefirebooter-20231025155659468_3.jar"/>
    <property name="user.script" value=""/>
    <property name="sun.management.compiler" value="HotSpot 64-Bit Tiered Compilers"/>
    <property name="java.runtime.version" value="11.0.16.1+1-LTS-1"/>
    <property name="user.name" value="andre"/>
    <property name="path.separator" value=";"/>
    <property name="os.version" value="10.0"/>
    <property name="java.runtime.name" value="Java(TM) SE Runtime Environment"/>
    <property name="file.encoding" value="Cp1252"/>
    <property name="java.vm.name" value="Java HotSpot(TM) 64-Bit Server VM"/>
    <property name="java.vendor.version" value="18.9"/>
    <property name="localRepository" value="C:\Users\andre\.m2\repository"/>
    <property name="java.vendor.url.bug" value="https://bugreport.java.com/bugreport/"/>
    <property name="java.io.tmpdir" value="C:\Users\andre\AppData\Local\Temp\"/>
    <property name="java.version" value="11.0.16.1"/>
    <property name="user.dir" value="D:\Eclipse Workspace\CodiceHW1DellisolaGioia"/>
    <property name="os.arch" value="amd64"/>
    <property name="java.vm.specification.name" value="Java Virtual Machine Specification"/>
    <property name="java.awt.printerjob" value="sun.awt.windows.WPrinterJob"/>
    <property name="sun.os.patch.level" value=""/>
    <property name="java.library.path" value="C:\Program Files\Java\jdk-11.0.16.1\bin;C:\WINDOWS\Sun\Java\bin;C:\WINDOWS\system32;C:\WINDOWS;C:\Program Files\Common Files\Oracle\Java\javapath;C:\Program Files (x86)\Common Files\Oracle\Java\javapath;C:\WINDOWS\system32;C:\WINDOWS;C:\WINDOWS\System32\Wbem;C:\WINDOWS\System32\WindowsPowerShell\v1.0\;C:\WINDOWS\System32\OpenSSH\;C;C:\PHP;C:\ProgramData\ComposerSetup\bin;C:\Program Files\TortoiseSVN\bin;C:\Program Files\Git\cmd;C:\Program Files\dotnet\;&quot;flutter\bin;&quot;;C:\Users\andre\AppData\Local\Microsoft\WindowsApps;C:\Users\andre\AppData\Local\Programs\Microsoft VS Code\bin;C:\Users\andre\AppData\Roaming\Composer\vendor\bin;C:\Program Files\JetBrains\PhpStorm 2022.1.1\bin;;C:\Program Files\apache-maven-3.8.6\bin;;."/>
    <property name="java.vendor" value="Oracle Corporation"/>
    <property name="java.vm.info" value="mixed mode"/>
    <property name="java.vm.version" value="11.0.16.1+1-LTS-1"/>
    <property name="sun.io.unicode.encoding" value="UnicodeLittle"/>
    <property name="java.class.version" value="55.0"/>
  </properties>
  <testcase name="testNuovaMedia" classname="CodiceMedie.MedieVotiTest" time="0.07"/>
  <testcase name="testToString" classname="CodiceMedie.MedieVotiTest" time="0.007"/>
  <testcase name="testNuovaMediaConVotoSuperioreUgualeA30" classname="CodiceMedie.MedieVotiTest" time="0.001"/>
  <testcase name="testMediaNaN" classname="CodiceMedie.MedieVotiTest" time="0.004"/>
  <testcase name="testUltimoVotoNaN" classname="CodiceMedie.MedieVotiTest" time="0.003"/>
  <testcase name="testNuovaMediaConVotoInferioreUgualeA18" classname="CodiceMedie.MedieVotiTest" time="0.001"/>
  <testcase name="testMedieVotiNoEccezioni" classname="CodiceMedie.MedieVotiTest" time="0.008">
    <system-out><![CDATA[MARIO ROSSI: Media 25,60, Ultimo voto 27.16
Nuova media supera quella precedente? true

LUCA BIANCHI: Media 26,05, Ultimo voto 24.16
Nuova media supera quella precedente? false

MARCO TOGNI: Media 25,86, Ultimo voto 27.52
Nuova media supera quella precedente? true

GABRIELE ISOLA: Media 23,46, Ultimo voto 29.13
Nuova media supera quella precedente? true

ANDREA GIOIA: Media 29,79, Ultimo voto 23.78
Nuova media supera quella precedente? false

LETIZIA GUERRA: Media 23,11, Ultimo voto 22.32
Nuova media supera quella precedente? false

CLAUDIA GIALLI: Media 27,81, Ultimo voto 28.85
Nuova media supera quella precedente? true

PAOLO VERDI: Media 22,42, Ultimo voto 23.66
Nuova media supera quella precedente? true

ENRICO FERMI: Media 27,52, Ultimo voto 18.23
Nuova media supera quella precedente? false

VINCENZO TESTA: Media 27,49, Ultimo voto 19.69
Nuova media supera quella precedente? false

]]></system-out>
  </testcase>
  <testcase name="testNuovaMediaUltimoVotoConsentito" classname="CodiceMedie.MedieVotiTest" time="0.001"/>
  <testcase name="testStudentCostruttoreConNomeENaN" classname="CodiceMedie.MedieVotiTest" time="0.002"/>
  <testcase name="testCognomeNull" classname="CodiceMedie.MedieVotiTest" time="0.001"/>
  <testcase name="testNomeNull" classname="CodiceMedie.MedieVotiTest" time="0.001"/>
</testsuite>